<?xml version="1.0" encoding="UTF-8"?>
<testng-results skipped="0" failed="0" ignored="0" total="1" passed="1">
  <reporter-output>
  </reporter-output>
  <suite name="Default suite" duration-ms="37" started-at="2021-11-11T11:21:56 IST" finished-at="2021-11-11T11:21:56 IST">
    <groups>
    </groups>
    <test name="Default test" duration-ms="37" started-at="2021-11-11T11:21:56 IST" finished-at="2021-11-11T11:21:56 IST">
      <class name="com.myclient.testscripts.PassDataInExternalResources">
        <test-method status="PASS" signature="passData()[pri:0, instance:com.myclient.testscripts.PassDataInExternalResources@1efed156]" name="passData" duration-ms="7" started-at="2021-11-11T11:21:56 IST" finished-at="2021-11-11T11:21:56 IST">
          <reporter-output>
          </reporter-output>
        </test-method> <!-- passData -->
      </class> <!-- com.myclient.testscripts.PassDataInExternalResources -->
    </test> <!-- Default test -->
  </suite> <!-- Default suite -->
</testng-results>
